<?xml version="1.0" encoding="UTF-8"?>
<!-- Generated by org.testng.reporters.JUnitXMLReporter -->
<testsuite ignored="0" hostname="DESKTOP-16I5LOU" failures="0" tests="2" name="Default test(failed)" time="0.072" errors="0" timestamp="2022-05-28T10:26:18 IST">
  <testcase classname="facebookAppPackage.VarifyHeadersOfApplicationTestNG" name="@BeforeTest launchBrowser" time="-1.653713778802E9">
    <failure type="org.testng.TestNGException" message="
Parameter &amp;apos;browser&amp;apos; is required by BeforeTest on method launchBrowser but has not been marked @Optional or defined
in C:\Users\Dell\eclipse-workspace\MyProject02\test-output\testng-failed.xml">
      <![CDATA[org.testng.TestNGException: 
Parameter 'browser' is required by BeforeTest on method launchBrowser but has not been marked @Optional or defined
in C:\Users\Dell\eclipse-workspace\MyProject02\test-output\testng-failed.xml
... Removed 21 stack frames]]>
    </failure>
  </testcase> <!-- @BeforeTest launchBrowser -->
  <testcase classname="facebookAppPackage.VarifyHeadersOfApplicationTestNG" name="@BeforeClass objectOfPomClasses" time="-1.653713778831E9">
    <skipped/>
  </testcase> <!-- @BeforeClass objectOfPomClasses -->
  <testcase classname="facebookAppPackage.VarifyHeadersOfApplicationTestNG" name="@BeforeMethod logInToApplication" time="-1.653713778848E9">
    <skipped/>
  </testcase> <!-- @BeforeMethod logInToApplication -->
  <testcase classname="facebookAppPackage.VarifyHeadersOfApplicationTestNG" name="@AfterMethod logout" time="-1.653713778856E9">
    <skipped/>
  </testcase> <!-- @AfterMethod logout -->
  <testcase classname="facebookAppPackage.VarifyHeadersOfApplicationTestNG" name="@BeforeMethod logInToApplication" time="-1.65371377886E9">
    <skipped/>
  </testcase> <!-- @BeforeMethod logInToApplication -->
  <testcase classname="facebookAppPackage.VarifyHeadersOfApplicationTestNG" name="@AfterMethod logout" time="-1.653713778864E9">
    <skipped/>
  </testcase> <!-- @AfterMethod logout -->
  <testcase classname="facebookAppPackage.VarifyHeadersOfApplicationTestNG" name="@AfterClass clearObject" time="-1.653713778866E9">
    <skipped/>
  </testcase> <!-- @AfterClass clearObject -->
  <testcase classname="facebookAppPackage.VarifyHeadersOfApplicationTestNG" name="@AfterTest closedBrowser" time="-1.653713778867E9">
    <skipped/>
  </testcase> <!-- @AfterTest closedBrowser -->
  <testcase classname="facebookAppPackage.VarifyHeadersOfApplicationTestNG" name="varifyPagesButton" time="0.0">
    <skipped/>
  </testcase> <!-- varifyPagesButton -->
  <testcase classname="facebookAppPackage.VarifyHeadersOfApplicationTestNG" name="varifyMassengerButton" time="0.0">
    <skipped/>
  </testcase> <!-- varifyMassengerButton -->
</testsuite> <!-- Default test(failed) -->
